<?xml version="1.0" encoding="UTF-8"?>
<!-- Generated by org.testng.reporters.JUnitXMLReporter -->
<testsuite ignored="0" hostname="Admin" failures="0" tests="3" name="Default test" time="4.715" errors="0" timestamp="16 Feb 2020 03:57:21 GMT">
  <testcase classname="com.cosfa.qa.testcases.HomePageTest" name="@BeforeMethod setup" time="4.548">
    <failure type="org.openqa.selenium.SessionNotCreatedException" message="session not created: This version of ChromeDriver only supports Chrome version 77
Build info: version: &amp;apos;3.141.59&amp;apos;, revision: &amp;apos;e82be7d358&amp;apos;, time: &amp;apos;2018-11-14T08:17:03&amp;apos;
System info: host: &amp;apos;ADMIN&amp;apos;, ip: &amp;apos;192.168.43.123&amp;apos;, os.name: &amp;apos;Windows 8.1&amp;apos;, os.arch: &amp;apos;amd64&amp;apos;, os.version: &amp;apos;6.3&amp;apos;, java.version: &amp;apos;12.0.2&amp;apos;
Driver info: driver.version: ChromeDriver
remote stacktrace: Backtrace:
	Ordinal0 [0x00D1EB13+1501971]
	Ordinal0 [0x00C9F6D1+980689]
	Ordinal0 [0x00C2765F+489055]
	Ordinal0 [0x00BBF2F4+62196]
	Ordinal0 [0x00BBBCDA+48346]
	Ordinal0 [0x00BD9800+169984]
	Ordinal0 [0x00BD942D+169005]
	Ordinal0 [0x00BD78EB+162027]
	Ordinal0 [0x00BC0AC7+68295]
	Ordinal0 [0x00BC1B40+72512]
	Ordinal0 [0x00BC1AD9+72409]
	Ordinal0 [0x00CB8F37+1085239]
	GetHandleVerifier [0x00DBD7ED+503293]
	GetHandleVerifier [0x00DBD580+502672]
	GetHandleVerifier [0x00DC46AC+531644]
	GetHandleVerifier [0x00DBDFFA+505354]
	Ordinal0 [0x00CB0606+1050118]
	Ordinal0 [0x00CB047F+1049727]
	Ordinal0 [0x00CBAF9B+1093531]
	Ordinal0 [0x00CBB103+1093891]
	Ordinal0 [0x00CBA095+1089685]
	BaseThreadInitThunk [0x76C3495D+14]
	RtlInitializeExceptionChain [0x773B98EE+132]
	RtlInitializeExceptionChain [0x773B98C4+90]
">
      <![CDATA[org.openqa.selenium.SessionNotCreatedException: session not created: This version of ChromeDriver only supports Chrome version 77
Build info: version: '3.141.59', revision: 'e82be7d358', time: '2018-11-14T08:17:03'
System info: host: 'ADMIN', ip: '192.168.43.123', os.name: 'Windows 8.1', os.arch: 'amd64', os.version: '6.3', java.version: '12.0.2'
Driver info: driver.version: ChromeDriver
remote stacktrace: Backtrace:
Ordinal0 [0x00D1EB13+1501971]
Ordinal0 [0x00C9F6D1+980689]
Ordinal0 [0x00C2765F+489055]
Ordinal0 [0x00BBF2F4+62196]
Ordinal0 [0x00BBBCDA+48346]
Ordinal0 [0x00BD9800+169984]
Ordinal0 [0x00BD942D+169005]
Ordinal0 [0x00BD78EB+162027]
Ordinal0 [0x00BC0AC7+68295]
Ordinal0 [0x00BC1B40+72512]
Ordinal0 [0x00BC1AD9+72409]
Ordinal0 [0x00CB8F37+1085239]
GetHandleVerifier [0x00DBD7ED+503293]
GetHandleVerifier [0x00DBD580+502672]
GetHandleVerifier [0x00DC46AC+531644]
GetHandleVerifier [0x00DBDFFA+505354]
Ordinal0 [0x00CB0606+1050118]
Ordinal0 [0x00CB047F+1049727]
Ordinal0 [0x00CBAF9B+1093531]
Ordinal0 [0x00CBB103+1093891]
Ordinal0 [0x00CBA095+1089685]
BaseThreadInitThunk [0x76C3495D+14]
RtlInitializeExceptionChain [0x773B98EE+132]
RtlInitializeExceptionChain [0x773B98C4+90]

at java.base/jdk.internal.reflect.NativeConstructorAccessorImpl.newInstance0(Native Method)
at java.base/jdk.internal.reflect.NativeConstructorAccessorImpl.newInstance(NativeConstructorAccessorImpl.java:62)
at java.base/jdk.internal.reflect.DelegatingConstructorAccessorImpl.newInstance(DelegatingConstructorAccessorImpl.java:45)
at java.base/java.lang.reflect.Constructor.newInstanceWithCaller(Constructor.java:500)
at java.base/java.lang.reflect.Constructor.newInstance(Constructor.java:481)
at org.openqa.selenium.remote.W3CHandshakeResponse.lambda$errorHandler$0(W3CHandshakeResponse.java:62)
at org.openqa.selenium.remote.HandshakeResponse.lambda$getResponseFunction$0(HandshakeResponse.java:30)
at org.openqa.selenium.remote.ProtocolHandshake.lambda$createSession$0(ProtocolHandshake.java:126)
at java.base/java.util.stream.ReferencePipeline$3$1.accept(ReferencePipeline.java:195)
at java.base/java.util.Spliterators$ArraySpliterator.tryAdvance(Spliterators.java:958)
at java.base/java.util.stream.ReferencePipeline.forEachWithCancel(ReferencePipeline.java:127)
at java.base/java.util.stream.AbstractPipeline.copyIntoWithCancel(AbstractPipeline.java:502)
at java.base/java.util.stream.AbstractPipeline.copyInto(AbstractPipeline.java:488)
at java.base/java.util.stream.AbstractPipeline.wrapAndCopyInto(AbstractPipeline.java:474)
at java.base/java.util.stream.FindOps$FindOp.evaluateSequential(FindOps.java:150)
at java.base/java.util.stream.AbstractPipeline.evaluate(AbstractPipeline.java:234)
at java.base/java.util.stream.ReferencePipeline.findFirst(ReferencePipeline.java:543)
at org.openqa.selenium.remote.ProtocolHandshake.createSession(ProtocolHandshake.java:128)
at org.openqa.selenium.remote.ProtocolHandshake.createSession(ProtocolHandshake.java:74)
at org.openqa.selenium.remote.HttpCommandExecutor.execute(HttpCommandExecutor.java:136)
at org.openqa.selenium.remote.service.DriverCommandExecutor.execute(DriverCommandExecutor.java:83)
at org.openqa.selenium.remote.RemoteWebDriver.execute(RemoteWebDriver.java:552)
at org.openqa.selenium.remote.RemoteWebDriver.startSession(RemoteWebDriver.java:213)
at org.openqa.selenium.remote.RemoteWebDriver.<init>(RemoteWebDriver.java:131)
at org.openqa.selenium.chrome.ChromeDriver.<init>(ChromeDriver.java:181)
at org.openqa.selenium.chrome.ChromeDriver.<init>(ChromeDriver.java:168)
at org.openqa.selenium.chrome.ChromeDriver.<init>(ChromeDriver.java:123)
at com.cosfa.qa.base.TestBase.initialization(TestBase.java:35)
at com.cosfa.qa.testcases.HomePageTest.setup(HomePageTest.java:26)
at java.base/jdk.internal.reflect.NativeMethodAccessorImpl.invoke0(Native Method)
at java.base/jdk.internal.reflect.NativeMethodAccessorImpl.invoke(NativeMethodAccessorImpl.java:62)
at java.base/jdk.internal.reflect.DelegatingMethodAccessorImpl.invoke(DelegatingMethodAccessorImpl.java:43)
at java.base/java.lang.reflect.Method.invoke(Method.java:567)
at org.testng.internal.MethodInvocationHelper.invokeMethod(MethodInvocationHelper.java:124)
at org.testng.internal.MethodInvocationHelper.invokeMethodConsideringTimeout(MethodInvocationHelper.java:59)
at org.testng.internal.Invoker.invokeConfigurationMethod(Invoker.java:458)
at org.testng.internal.Invoker.invokeConfigurations(Invoker.java:222)
at org.testng.internal.Invoker.invokeMethod(Invoker.java:523)
at org.testng.internal.Invoker.invokeTestMethod(Invoker.java:719)
at org.testng.internal.Invoker.invokeTestMethods(Invoker.java:989)
at org.testng.internal.TestMethodWorker.invokeTestMethods(TestMethodWorker.java:125)
at org.testng.internal.TestMethodWorker.run(TestMethodWorker.java:109)
at org.testng.TestRunner.privateRun(TestRunner.java:648)
at org.testng.TestRunner.run(TestRunner.java:505)
at org.testng.SuiteRunner.runTest(SuiteRunner.java:455)
at org.testng.SuiteRunner.runSequentially(SuiteRunner.java:450)
at org.testng.SuiteRunner.privateRun(SuiteRunner.java:415)
at org.testng.SuiteRunner.run(SuiteRunner.java:364)
at org.testng.SuiteRunnerWorker.runSuite(SuiteRunnerWorker.java:52)
at org.testng.SuiteRunnerWorker.run(SuiteRunnerWorker.java:84)
at org.testng.TestNG.runSuitesSequentially(TestNG.java:1208)
at org.testng.TestNG.runSuitesLocally(TestNG.java:1137)
at org.testng.TestNG.runSuites(TestNG.java:1049)
at org.testng.TestNG.run(TestNG.java:1017)
at org.testng.remote.AbstractRemoteTestNG.run(AbstractRemoteTestNG.java:115)
at org.testng.remote.RemoteTestNG.initAndRun(RemoteTestNG.java:251)
at org.testng.remote.RemoteTestNG.main(RemoteTestNG.java:77)
]]>
    </failure>
  </testcase> <!-- @BeforeMethod setup -->
  <testcase classname="com.cosfa.qa.testcases.HomePageTest" name="@AfterMethod teardown" time="0.0">
    <skipped/>
  </testcase> <!-- @AfterMethod teardown -->
  <testcase classname="com.cosfa.qa.testcases.HomePageTest" name="@BeforeMethod setup" time="0.0">
    <skipped/>
  </testcase> <!-- @BeforeMethod setup -->
  <testcase classname="com.cosfa.qa.testcases.HomePageTest" name="@AfterMethod teardown" time="0.0">
    <skipped/>
  </testcase> <!-- @AfterMethod teardown -->
  <testcase classname="com.cosfa.qa.testcases.HomePageTest" name="@BeforeMethod setup" time="0.0">
    <skipped/>
  </testcase> <!-- @BeforeMethod setup -->
  <testcase classname="com.cosfa.qa.testcases.HomePageTest" name="@AfterMethod teardown" time="0.0">
    <skipped/>
  </testcase> <!-- @AfterMethod teardown -->
  <testcase classname="com.cosfa.qa.testcases.HomePageTest" name="homePageLogoTest" time="0.0">
    <skipped/>
  </testcase> <!-- homePageLogoTest -->
  <testcase classname="com.cosfa.qa.testcases.HomePageTest" name="messageLinkTest" time="0.0">
    <skipped/>
  </testcase> <!-- messageLinkTest -->
  <testcase classname="com.cosfa.qa.testcases.HomePageTest" name="welcomeOfficeLinkTest" time="0.0">
    <skipped/>
  </testcase> <!-- welcomeOfficeLinkTest -->
</testsuite> <!-- Default test -->
